<?xml version="1.0" encoding="UTF-8"?>
<testng-results ignored="0" total="1" passed="1" failed="0" skipped="0">
  <reporter-output>
  </reporter-output>
  <suite started-at="2023-02-07T11:56:37 GST" name="Default suite" finished-at="2023-02-07T11:56:45 GST" duration-ms="8055">
    <groups>
    </groups>
    <test started-at="2023-02-07T11:56:37 GST" name="Default test" finished-at="2023-02-07T11:56:45 GST" duration-ms="8055">
      <class name="examplesOfAPI.FirstExample">
        <test-method signature="postTest()[pri:0, instance:examplesOfAPI.FirstExample@5acf93bb]" started-at="2023-02-07T11:56:37 GST" name="postTest" finished-at="2023-02-07T11:56:45 GST" duration-ms="7863" status="PASS">
          <reporter-output>
          </reporter-output>
        </test-method> <!-- postTest -->
      </class> <!-- examplesOfAPI.FirstExample -->
    </test> <!-- Default test -->
  </suite> <!-- Default suite -->
</testng-results>
